2025-10-16 23:45:34,614 - INFO - Limpando arquivos antigos em /home/runner/work/josieljefferson.github.io.playlist/josieljefferson.github.io.playlist...
2025-10-16 23:45:34,614 - INFO - Iniciando downloads...
2025-10-16 23:45:34,614 - INFO - Tentativa 1 de 3: Baixando de: http://m3u4u.com/m3u/3wk1y24kx7uzdevxygz7
2025-10-16 23:45:34,615 - INFO - Tentativa 1 de 3: Baixando de: http://m3u4u.com/m3u/782dyqdrqkh1xegen4zp
2025-10-16 23:45:34,616 - INFO - Tentativa 1 de 3: Baixando de: http://m3u4u.com/m3u/jq2zy9epr3bwxmgwyxr5
2025-10-16 23:45:34,616 - INFO - Tentativa 1 de 3: Baixando de: https://gitlab.com/josieljefferson12/playlists/-/raw/main/PiauiTV.m3u
2025-10-16 23:45:34,616 - INFO - Tentativa 1 de 3: Baixando de: https://gitlab.com/josieljefferson12/playlists/-/raw/main/m3u4u_proton.me.m3u
2025-10-16 23:45:35,182 - INFO - Download concluído: /home/runner/work/josieljefferson.github.io.playlist/josieljefferson.github.io.playlist/m3u@proton.me.m3u (4700379 bytes)
2025-10-16 23:45:35,191 - INFO - Hash MD5 do arquivo: 17e34181bba3a93ed726df4bc76b9a9c
2025-10-16 23:45:35,191 - INFO - Tentativa 1 de 3: Baixando de: https://gitlab.com/josieljefferson12/playlists/-/raw/main/playlist.m3u
2025-10-16 23:45:35,297 - INFO - Download concluído: /home/runner/work/josieljefferson.github.io.playlist/josieljefferson.github.io.playlist/PiauiTV.m3u (76851 bytes)
2025-10-16 23:45:35,297 - INFO - Hash MD5 do arquivo: ed19d1bee8112f753504aab432876025
2025-10-16 23:45:35,297 - INFO - Tentativa 1 de 3: Baixando de: https://gitlab.com/josielluz/playlists/-/raw/main/playlists.m3u
2025-10-16 23:45:35,609 - INFO - Download concluído: /home/runner/work/josieljefferson.github.io.playlist/josieljefferson.github.io.playlist/playlists.m3u (107555 bytes)
2025-10-16 23:45:35,609 - INFO - Hash MD5 do arquivo: 3114d823758c4d5391acd0714d83bb8c
2025-10-16 23:45:35,609 - INFO - Tentativa 1 de 3: Baixando de: https://gitlab.com/josieljefferson12/playlists/-/raw/main/pornstars.m3u
2025-10-16 23:45:35,698 - INFO - Download concluído: /home/runner/work/josieljefferson.github.io.playlist/josieljefferson.github.io.playlist/playlist.m3u (8080 bytes)
2025-10-16 23:45:35,699 - INFO - Hash MD5 do arquivo: 5e4f576e8ce1ee516c916d59ed08a851
2025-10-16 23:45:35,699 - INFO - Tentativa 1 de 3: Baixando de: http://m3u4u.com/epg/3wk1y24kx7uzdevxygz7
2025-10-16 23:45:35,898 - INFO - Download concluído: /home/runner/work/josieljefferson.github.io.playlist/josieljefferson.github.io.playlist/epgbrasilportugal.m3u (6833 bytes)
2025-10-16 23:45:35,898 - INFO - Hash MD5 do arquivo: 2b8d239a20f299fbb89cf6cc8933170f
2025-10-16 23:45:35,898 - INFO - Tentativa 1 de 3: Baixando de: http://m3u4u.com/epg/782dyqdrqkh1xegen4zp
2025-10-16 23:45:36,002 - INFO - Download concluído: /home/runner/work/josieljefferson.github.io.playlist/josieljefferson.github.io.playlist/epgportugal.m3u (2262348 bytes)
2025-10-16 23:45:36,006 - INFO - Hash MD5 do arquivo: fce788edd736f5407b18f61966f41949
2025-10-16 23:45:36,007 - INFO - Tentativa 1 de 3: Baixando de: http://m3u4u.com/epg/jq2zy9epr3bwxmgwyxr5
2025-10-16 23:45:36,009 - INFO - Download concluído: /home/runner/work/josieljefferson.github.io.playlist/josieljefferson.github.io.playlist/epgbrasil.m3u (639011 bytes)
2025-10-16 23:45:36,010 - INFO - Hash MD5 do arquivo: b45a4ecb7e9e16b774d737233baa4560
2025-10-16 23:45:36,071 - INFO - Download concluído: /home/runner/work/josieljefferson.github.io.playlist/josieljefferson.github.io.playlist/pornstars.m3u (100426 bytes)
2025-10-16 23:45:36,071 - INFO - Hash MD5 do arquivo: ed9b31dbe857f86e7df7a0a4e4ecd448
2025-10-16 23:45:36,807 - INFO - Download concluído: /home/runner/work/josieljefferson.github.io.playlist/josieljefferson.github.io.playlist/epgbrasil.xml.gz (712900 bytes)
2025-10-16 23:45:36,808 - INFO - Hash MD5 do arquivo: 54d0f3944a6effd85d25ffcdf9ffc23c
2025-10-16 23:45:37,069 - INFO - Download concluído: /home/runner/work/josieljefferson.github.io.playlist/josieljefferson.github.io.playlist/epgbrasilportugal.xml.gz (104880 bytes)
2025-10-16 23:45:37,069 - INFO - Hash MD5 do arquivo: 8971813ec4cc51692d89325c0902123e
2025-10-16 23:45:37,430 - INFO - Download concluído: /home/runner/work/josieljefferson.github.io.playlist/josieljefferson.github.io.playlist/epgportugal.xml.gz (1951139 bytes)
2025-10-16 23:45:37,433 - INFO - Hash MD5 do arquivo: da5ac3bb7d4b51f2d91dfd1e5fc77fa3
2025-10-16 23:45:37,433 - INFO - Downloads concluídos. Sucessos: 11, Falhas: 0
